# JRE version: Java(TM) SE Runtime Environment (8.0_201-b09) (build 1.8.0_201-b09)
# Java VM: Java HotSpot(TM) 64-Bit Server VM (25.201-b09 mixed mode windows-amd64 compressed oops)
Heap:
 PSYoungGen      total 92160K, used 87717K [0x00000000e0000000, 0x00000000e9800000, 0x0000000100000000)
  eden space 55808K, 92% used [0x00000000e0000000,0x00000000e322d000,0x00000000e3680000)
  from space 36352K, 99% used [0x00000000e6300000,0x00000000e867c590,0x00000000e8680000)
  to   space 45568K, 0% used [0x00000000e3680000,0x00000000e3680000,0x00000000e6300000)
 ParOldGen       total 130560K, used 90875K [0x00000000a0000000, 0x00000000a7f80000, 0x00000000e0000000)
  object space 130560K, 69% used [0x00000000a0000000,0x00000000a58bec60,0x00000000a7f80000)
 Metaspace       used 86647K, capacity 89478K, committed 89600K, reserved 1126400K
  class space    used 11395K, capacity 12018K, committed 12032K, reserved 1048576K
GC Heap History (10 events):
Event: 507.679 GC heap before
{Heap before GC invocations=46 (full 4):
 PSYoungGen      total 83456K, used 74237K [0x00000000e0000000, 0x00000000e7280000, 0x0000000100000000)
  eden space 55808K, 100% used [0x00000000e0000000,0x00000000e3680000,0x00000000e3680000)
  from space 27648K, 66% used [0x00000000e3680000,0x00000000e487f630,0x00000000e5180000)
  to   space 28672K, 0% used [0x00000000e5680000,0x00000000e5680000,0x00000000e7280000)
 ParOldGen       total 130560K, used 80650K [0x00000000a0000000, 0x00000000a7f80000, 0x00000000e0000000)
  object space 130560K, 61% used [0x00000000a0000000,0x00000000a4ec2a48,0x00000000a7f80000)
 Metaspace       used 78911K, capacity 81048K, committed 81408K, reserved 1120256K
  class space    used 10421K, capacity 10939K, committed 11008K, reserved 1048576K
Event: 507.733 GC heap after
Heap after GC invocations=46 (full 4):
 PSYoungGen      total 86016K, used 23486K [0x00000000e0000000, 0x00000000e7800000, 0x0000000100000000)
  eden space 57344K, 0% used [0x00000000e0000000,0x00000000e0000000,0x00000000e3800000)
  from space 28672K, 81% used [0x00000000e5680000,0x00000000e6d6fb80,0x00000000e7280000)
  to   space 31232K, 0% used [0x00000000e3800000,0x00000000e3800000,0x00000000e5680000)
 ParOldGen       total 130560K, used 80658K [0x00000000a0000000, 0x00000000a7f80000, 0x00000000e0000000)
  object space 130560K, 61% used [0x00000000a0000000,0x00000000a4ec4a48,0x00000000a7f80000)
 Metaspace       used 78911K, capacity 81048K, committed 81408K, reserved 1120256K
  class space    used 10421K, capacity 10939K, committed 11008K, reserved 1048576K
}
Event: 522.797 GC heap before
{Heap before GC invocations=47 (full 4):
 PSYoungGen      total 86016K, used 80830K [0x00000000e0000000, 0x00000000e7800000, 0x0000000100000000)
  eden space 57344K, 100% used [0x00000000e0000000,0x00000000e3800000,0x00000000e3800000)
  from space 28672K, 81% used [0x00000000e5680000,0x00000000e6d6fb80,0x00000000e7280000)
  to   space 31232K, 0% used [0x00000000e3800000,0x00000000e3800000,0x00000000e5680000)
 ParOldGen       total 130560K, used 80658K [0x00000000a0000000, 0x00000000a7f80000, 0x00000000e0000000)
  object space 130560K, 61% used [0x00000000a0000000,0x00000000a4ec4a48,0x00000000a7f80000)
 Metaspace       used 84131K, capacity 86544K, committed 86656K, reserved 1124352K
  class space    used 11064K, capacity 11605K, committed 11648K, reserved 1048576K
Event: 522.847 GC heap after
Heap after GC invocations=47 (full 4):
 PSYoungGen      total 88576K, used 27216K [0x00000000e0000000, 0x00000000e8080000, 0x0000000100000000)
  eden space 57344K, 0% used [0x00000000e0000000,0x00000000e0000000,0x00000000e3800000)
  from space 31232K, 87% used [0x00000000e3800000,0x00000000e5294210,0x00000000e5680000)
  to   space 34816K, 0% used [0x00000000e5e80000,0x00000000e5e80000,0x00000000e8080000)
 ParOldGen       total 130560K, used 80666K [0x00000000a0000000, 0x00000000a7f80000, 0x00000000e0000000)
  object space 130560K, 61% used [0x00000000a0000000,0x00000000a4ec6a48,0x00000000a7f80000)
 Metaspace       used 84131K, capacity 86544K, committed 86656K, reserved 1124352K
  class space    used 11064K, capacity 11605K, committed 11648K, reserved 1048576K
}
Event: 530.614 GC heap before
{Heap before GC invocations=48 (full 4):
 PSYoungGen      total 88576K, used 84482K [0x00000000e0000000, 0x00000000e8080000, 0x0000000100000000)
  eden space 57344K, 99% used [0x00000000e0000000,0x00000000e37ec780,0x00000000e3800000)
  from space 31232K, 87% used [0x00000000e3800000,0x00000000e5294210,0x00000000e5680000)
  to   space 34816K, 0% used [0x00000000e5e80000,0x00000000e5e80000,0x00000000e8080000)
 ParOldGen       total 130560K, used 80666K [0x00000000a0000000, 0x00000000a7f80000, 0x00000000e0000000)
  object space 130560K, 61% used [0x00000000a0000000,0x00000000a4ec6a48,0x00000000a7f80000)
 Metaspace       used 85481K, capacity 88298K, committed 88448K, reserved 1126400K
  class space    used 11234K, capacity 11836K, committed 11904K, reserved 1048576K
Event: 530.657 GC heap after
Heap after GC invocations=48 (full 4):
 PSYoungGen      total 94208K, used 27517K [0x00000000e0000000, 0x00000000e8600000, 0x0000000100000000)
  eden space 59392K, 0% used [0x00000000e0000000,0x00000000e0000000,0x00000000e3a00000)
  from space 34816K, 79% used [0x00000000e5e80000,0x00000000e795f728,0x00000000e8080000)
  to   space 37376K, 0% used [0x00000000e3a00000,0x00000000e3a00000,0x00000000e5e80000)
 ParOldGen       total 130560K, used 80674K [0x00000000a0000000, 0x00000000a7f80000, 0x00000000e0000000)
  object space 130560K, 61% used [0x00000000a0000000,0x00000000a4ec8a48,0x00000000a7f80000)
 Metaspace       used 85481K, capacity 88298K, committed 88448K, reserved 1126400K
  class space    used 11234K, capacity 11836K, committed 11904K, reserved 1048576K
}
Event: 534.745 GC heap before
{Heap before GC invocations=49 (full 4):
 PSYoungGen      total 94208K, used 86909K [0x00000000e0000000, 0x00000000e8600000, 0x0000000100000000)
  eden space 59392K, 100% used [0x00000000e0000000,0x00000000e3a00000,0x00000000e3a00000)
  from space 34816K, 79% used [0x00000000e5e80000,0x00000000e795f728,0x00000000e8080000)
  to   space 37376K, 0% used [0x00000000e3a00000,0x00000000e3a00000,0x00000000e5e80000)
 ParOldGen       total 130560K, used 80674K [0x00000000a0000000, 0x00000000a7f80000, 0x00000000e0000000)
  object space 130560K, 61% used [0x00000000a0000000,0x00000000a4ec8a48,0x00000000a7f80000)
 Metaspace       used 85554K, capacity 88366K, committed 88448K, reserved 1126400K
  class space    used 11235K, capacity 11836K, committed 11904K, reserved 1048576K
Event: 534.771 GC heap after
Heap after GC invocations=49 (full 4):
 PSYoungGen      total 96768K, used 18627K [0x00000000e0000000, 0x00000000e8680000, 0x0000000100000000)
  eden space 59392K, 0% used [0x00000000e0000000,0x00000000e0000000,0x00000000e3a00000)
  from space 37376K, 49% used [0x00000000e3a00000,0x00000000e4c30f48,0x00000000e5e80000)
  to   space 36352K, 0% used [0x00000000e6300000,0x00000000e6300000,0x00000000e8680000)
 ParOldGen       total 130560K, used 80682K [0x00000000a0000000, 0x00000000a7f80000, 0x00000000e0000000)
  object space 130560K, 61% used [0x00000000a0000000,0x00000000a4ecaa48,0x00000000a7f80000)
 Metaspace       used 85554K, capacity 88366K, committed 88448K, reserved 1126400K
  class space    used 11235K, capacity 11836K, committed 11904K, reserved 1048576K
}
Event: 587.522 GC heap before
{Heap before GC invocations=50 (full 4):
 PSYoungGen      total 96768K, used 78019K [0x00000000e0000000, 0x00000000e8680000, 0x0000000100000000)
  eden space 59392K, 100% used [0x00000000e0000000,0x00000000e3a00000,0x00000000e3a00000)
  from space 37376K, 49% used [0x00000000e3a00000,0x00000000e4c30f48,0x00000000e5e80000)
  to   space 36352K, 0% used [0x00000000e6300000,0x00000000e6300000,0x00000000e8680000)
 ParOldGen       total 130560K, used 80682K [0x00000000a0000000, 0x00000000a7f80000, 0x00000000e0000000)
  object space 130560K, 61% used [0x00000000a0000000,0x00000000a4ecaa48,0x00000000a7f80000)
 Metaspace       used 85945K, capacity 88786K, committed 89088K, reserved 1126400K
  class space    used 11279K, capacity 11908K, committed 12032K, reserved 1048576K
Event: 587.627 GC heap after
Heap after GC invocations=50 (full 4):
 PSYoungGen      total 92160K, used 36337K [0x00000000e0000000, 0x00000000e9800000, 0x0000000100000000)
  eden space 55808K, 0% used [0x00000000e0000000,0x00000000e0000000,0x00000000e3680000)
  from space 36352K, 99% used [0x00000000e6300000,0x00000000e867c590,0x00000000e8680000)
  to   space 45568K, 0% used [0x00000000e3680000,0x00000000e3680000,0x00000000e6300000)
 ParOldGen       total 130560K, used 90875K [0x00000000a0000000, 0x00000000a7f80000, 0x00000000e0000000)
  object space 130560K, 69% used [0x00000000a0000000,0x00000000a58bec60,0x00000000a7f80000)
 Metaspace       used 85945K, capacity 88786K, committed 89088K, reserved 1126400K
  class space    used 11279K, capacity 11908K, committed 12032K, reserved 1048576K
}

